<?xml version="1.0" encoding="UTF-8"?>
<testng-results ignored="0" total="1" passed="1" failed="0" skipped="0">
  <reporter-output>
  </reporter-output>
  <suite started-at="2023-10-16T10:56:39 IST" name="Default suite" finished-at="2023-10-16T10:57:07 IST" duration-ms="28709">
    <groups>
    </groups>
    <test started-at="2023-10-16T10:56:39 IST" name="Default test" finished-at="2023-10-16T10:57:07 IST" duration-ms="28709">
      <class name="test.LoginTest">
        <test-method is-config="true" signature="launchApp()[pri:0, instance:test.LoginTest@74e28667]" started-at="2023-10-16T10:56:39 IST" name="launchApp" finished-at="2023-10-16T10:56:49 IST" duration-ms="10131" status="PASS">
          <reporter-output>
          </reporter-output>
        </test-method> <!-- launchApp -->
        <test-method signature="verifyLoginfeature()[pri:0, instance:test.LoginTest@74e28667]" started-at="2023-10-16T10:56:49 IST" name="verifyLoginfeature" finished-at="2023-10-16T10:57:00 IST" duration-ms="11405" status="PASS">
          <reporter-output>
          </reporter-output>
        </test-method> <!-- verifyLoginfeature -->
        <test-method is-config="true" signature="closeApp()[pri:0, instance:test.LoginTest@74e28667]" started-at="2023-10-16T10:57:00 IST" name="closeApp" finished-at="2023-10-16T10:57:07 IST" duration-ms="7136" status="PASS">
          <reporter-output>
          </reporter-output>
        </test-method> <!-- closeApp -->
      </class> <!-- test.LoginTest -->
    </test> <!-- Default test -->
  </suite> <!-- Default suite -->
</testng-results>
